<?xml version="1.0" encoding="UTF-8"?>
<!-- Generated by org.testng.reporters.JUnitReportReporter -->
<testsuite name="qaf.example.tests.SampleTest" tests="18" time="0.055" ignored="7" failures="0" timestamp="05 Sep 2018 04:46:25 GMT" skipped="0" hostname="ICPL10361" errors="0">
  <testcase name="readXml" time="0.004" classname="qaf.example.tests.SampleTest"/>
  <testcase name="readXml" time="0.005" classname="qaf.example.tests.SampleTest"/>
  <testcase name="readXml" time="0.003" classname="qaf.example.tests.SampleTest"/>
  <testcase name="readXml" time="0.003" classname="qaf.example.tests.SampleTest"/>
  <testcase name="readXml" time="0.002" classname="qaf.example.tests.SampleTest"/>
  <testcase name="readXml" time="0.004" classname="qaf.example.tests.SampleTest"/>
  <testcase name="readXml" time="0.002" classname="qaf.example.tests.SampleTest"/>
  <testcase name="readXml" time="0.003" classname="qaf.example.tests.SampleTest"/>
  <testcase name="readXml" time="0.003" classname="qaf.example.tests.SampleTest"/>
  <testcase name="readXml" time="0.005" classname="qaf.example.tests.SampleTest"/>
  <testcase name="readXml" time="0.003" classname="qaf.example.tests.SampleTest"/>
  <testcase name="readXml" time="0.002" classname="qaf.example.tests.SampleTest"/>
  <testcase name="readXml" time="0.002" classname="qaf.example.tests.SampleTest"/>
  <testcase name="readXml" time="0.001" classname="qaf.example.tests.SampleTest"/>
  <testcase name="readXml" time="0.004" classname="qaf.example.tests.SampleTest"/>
  <testcase name="readXml" time="0.006" classname="qaf.example.tests.SampleTest"/>
  <testcase name="readXml" time="0.003" classname="qaf.example.tests.SampleTest"/>
  <testcase name="readXml" time="0.000" classname="qaf.example.tests.SampleTest"/>
  <testcase name="testGoogleSearch" classname="qaf.example.tests.SampleTest">
    <skipped/>
  </testcase> <!-- testGoogleSearch -->
  <testcase name="login" classname="qaf.example.tests.SampleTest">
    <skipped/>
  </testcase> <!-- login -->
  <testcase name="readJson" classname="qaf.example.tests.SampleTest">
    <skipped/>
  </testcase> <!-- readJson -->
  <testcase name="afterTest" classname="com.qmetry.qaf.automation.ui.AbstractTestCase">
    <skipped/>
  </testcase> <!-- afterTest -->
  <testcase name="setupTest" classname="com.qmetry.qaf.automation.testng.TestNGTestCase">
    <skipped/>
  </testcase> <!-- setupTest -->
  <testcase name="setupSuit" classname="com.qmetry.qaf.automation.testng.TestNGTestCase">
    <skipped/>
  </testcase> <!-- setupSuit -->
  <testcase name="afterSuit" classname="com.qmetry.qaf.automation.testng.TestNGTestCase">
    <skipped/>
  </testcase> <!-- afterSuit -->
</testsuite> <!-- qaf.example.tests.SampleTest -->
