<?xml version="1.0" encoding="UTF-8"?>
<!-- Generated by org.testng.reporters.JUnitReportReporter -->
<testsuite name="com.qmetry.qaf.automation.step.client.Scenario" tests="1" time="7.279" ignored="5" failures="0" timestamp="04 Sep 2018 10:30:28 GMT" skipped="0" hostname="ICPL10361" errors="0">
  <testcase name="SampleTest" time="7.279" classname="com.qmetry.qaf.automation.step.client.Scenario"/>
  <testcase name="testGoogleSearch" classname="qaf.example.tests.SampleTest">
    <skipped/>
  </testcase> <!-- testGoogleSearch -->
  <testcase name="afterTest" classname="com.qmetry.qaf.automation.ui.AbstractTestCase">
    <skipped/>
  </testcase> <!-- afterTest -->
  <testcase name="setupTest" classname="com.qmetry.qaf.automation.testng.TestNGTestCase">
    <skipped/>
  </testcase> <!-- setupTest -->
  <testcase name="setupSuit" classname="com.qmetry.qaf.automation.testng.TestNGTestCase">
    <skipped/>
  </testcase> <!-- setupSuit -->
  <testcase name="afterSuit" classname="com.qmetry.qaf.automation.testng.TestNGTestCase">
    <skipped/>
  </testcase> <!-- afterSuit -->
</testsuite> <!-- com.qmetry.qaf.automation.step.client.Scenario -->
