<?xml version="1.0" encoding="UTF-8"?>
<!-- Generated by org.testng.reporters.JUnitReportReporter -->
<testsuite name="com.qmetry.qaf.automation.step.client.Scenario" tests="1" time="6.761" ignored="0" failures="0" timestamp="06 Sep 2018 07:14:53 GMT" skipped="0" hostname="ICPL10361" errors="0">
  <testcase name="SampleTest" time="6.761" classname="com.qmetry.qaf.automation.step.client.Scenario"/>
</testsuite> <!-- com.qmetry.qaf.automation.step.client.Scenario -->
