<?xml version="1.0" encoding="UTF-8"?>
<!-- Generated by org.testng.reporters.JUnitReportReporter -->
<testsuite name="com.qmetry.qaf.automation.step.client.Scenario" tests="1" time="0.195" ignored="0" failures="0" timestamp="06 Sep 2018 11:05:50 GMT" skipped="1" hostname="ICPL10361" errors="0">
  <testcase name="nestTestPractice" time="0.195" classname="com.qmetry.qaf.automation.step.client.Scenario">
    <skipped/>
  </testcase> <!-- nestTestPractice -->
</testsuite> <!-- com.qmetry.qaf.automation.step.client.Scenario -->
