<?xml version="1.0" encoding="UTF-8"?>
<!-- Generated by org.testng.reporters.JUnitReportReporter -->
<testsuite name="com.qmetry.qaf.automation.step.client.Scenario" tests="1" time="7.455" ignored="0" failures="0" timestamp="07 Sep 2018 05:32:20 GMT" skipped="0" hostname="ICPL10361" errors="0">
  <testcase name="nestTestPractice" time="7.455" classname="com.qmetry.qaf.automation.step.client.Scenario"/>
</testsuite> <!-- com.qmetry.qaf.automation.step.client.Scenario -->
