<?xml version="1.0" encoding="UTF-8"?>
<!-- Generated by org.testng.reporters.JUnitReportReporter -->
<testsuite name="qaf.example.tests.SampleTest" tests="18" time="0.084" ignored="0" failures="0" timestamp="07 Sep 2018 11:41:47 GMT" skipped="0" hostname="ICPL10361" errors="0">
  <testcase name="readXml" time="0.000" classname="qaf.example.tests.SampleTest"/>
  <testcase name="readXml" time="0.000" classname="qaf.example.tests.SampleTest"/>
  <testcase name="readXml" time="0.015" classname="qaf.example.tests.SampleTest"/>
  <testcase name="readXml" time="0.006" classname="qaf.example.tests.SampleTest"/>
  <testcase name="readXml" time="0.000" classname="qaf.example.tests.SampleTest"/>
  <testcase name="readXml" time="0.000" classname="qaf.example.tests.SampleTest"/>
  <testcase name="readXml" time="0.001" classname="qaf.example.tests.SampleTest"/>
  <testcase name="readXml" time="0.016" classname="qaf.example.tests.SampleTest"/>
  <testcase name="readXml" time="0.015" classname="qaf.example.tests.SampleTest"/>
  <testcase name="readXml" time="0.000" classname="qaf.example.tests.SampleTest"/>
  <testcase name="readXml" time="0.015" classname="qaf.example.tests.SampleTest"/>
  <testcase name="readXml" time="0.000" classname="qaf.example.tests.SampleTest"/>
  <testcase name="readXml" time="0.000" classname="qaf.example.tests.SampleTest"/>
  <testcase name="readXml" time="0.016" classname="qaf.example.tests.SampleTest"/>
  <testcase name="readXml" time="0.000" classname="qaf.example.tests.SampleTest"/>
  <testcase name="readXml" time="0.000" classname="qaf.example.tests.SampleTest"/>
  <testcase name="readXml" time="0.000" classname="qaf.example.tests.SampleTest"/>
  <testcase name="readXml" time="0.000" classname="qaf.example.tests.SampleTest"/>
</testsuite> <!-- qaf.example.tests.SampleTest -->
