<?xml version="1.0" encoding="UTF-8"?>
<!-- Generated by org.testng.reporters.JUnitReportReporter -->
<testsuite name="qaf.example.tests.Suite2" tests="1" time="6.514" ignored="0" failures="0" timestamp="06 Sep 2018 08:15:30 GMT" skipped="0" hostname="ICPL10361" errors="0">
  <testcase name="testGoogleSearch" time="6.514" classname="qaf.example.tests.Suite2"/>
</testsuite> <!-- qaf.example.tests.Suite2 -->
