<?xml version="1.0" encoding="UTF-8"?>
<!-- Generated by org.testng.reporters.JUnitReportReporter -->
<testsuite name="com.qmetry.qaf.automation.step.client.Scenario" tests="1" time="7.058" ignored="0" failures="0" timestamp="06 Sep 2018 08:20:14 GMT" skipped="0" hostname="ICPL10361" errors="0">
  <testcase name="SampleTest" time="7.058" classname="com.qmetry.qaf.automation.step.client.Scenario"/>
</testsuite> <!-- com.qmetry.qaf.automation.step.client.Scenario -->
