<?xml version="1.0" encoding="UTF-8"?>
<!-- Generated by org.testng.reporters.JUnitReportReporter -->
<testsuite name="com.qmetry.qaf.automation.step.client.Scenario" tests="1" time="15.511" ignored="0" failures="1" timestamp="06 Sep 2018 11:31:22 GMT" skipped="0" hostname="ICPL10361" errors="0">
  <testcase name="nestTestPractice" time="15.511" classname="com.qmetry.qaf.automation.step.client.Scenario">
    <failure type="java.lang.AssertionError">
      <![CDATA[java.lang.AssertionError
	at .Then It should be on homepage(scenarios/nest-suite.bdd:5)
	at com.qmetry.qaf.automation.ui.webdriver.QAFExtendedWebElement.assertPresent(QAFExtendedWebElement.java:1019)
	at com.qmetry.qaf.automation.step.CommonStep.assertPresent_aroundBody8(CommonStep.java:142)
	at com.qmetry.qaf.automation.step.JavaStepReporter$MockJavaStep.doExecute(JavaStepReporter.java:138)
	at com.qmetry.qaf.automation.step.BaseTestStep.execute(BaseTestStep.java:149)
	at com.qmetry.qaf.automation.step.JavaStepReporter.javaTestStep(JavaStepReporter.java:88)
	at com.qmetry.qaf.automation.step.CommonStep.assertPresent(CommonStep.java:141)
	at com.nest.automation.steps.Loginsteps.verifyLogin_aroundBody4(Loginsteps.java:23)
	at com.qmetry.qaf.automation.step.JavaStepReporter.javaTestStep(JavaStepReporter.java:101)
	at com.nest.automation.steps.Loginsteps.verifyLogin(Loginsteps.java:22)
	at com.qmetry.qaf.automation.step.JavaStep.doExecute(JavaStep.java:159)
	at com.qmetry.qaf.automation.step.BaseTestStep.execute(BaseTestStep.java:149)
	at com.qmetry.qaf.automation.step.StringTestStep.execute(StringTestStep.java:134)
	at com.qmetry.qaf.automation.step.client.Scenario.execute(Scenario.java:173)
	at com.qmetry.qaf.automation.step.client.Scenario.scenario(Scenario.java:225)
]]>
    </failure>
  </testcase> <!-- nestTestPractice -->
</testsuite> <!-- com.qmetry.qaf.automation.step.client.Scenario -->
