<?xml version="1.0" encoding="UTF-8"?>
<!-- Generated by org.testng.reporters.JUnitReportReporter -->
<testsuite name="com.qmetry.qaf.automation.step.client.Scenario" tests="1" time="0.229" ignored="4" failures="0" timestamp="06 Sep 2018 10:40:49 GMT" skipped="1" hostname="ICPL10361" errors="0">
  <testcase name="nestTestPractice" time="0.229" classname="com.qmetry.qaf.automation.step.client.Scenario">
    <skipped/>
  </testcase> <!-- nestTestPractice -->
  <testcase name="afterTest" classname="com.qmetry.qaf.automation.ui.AbstractTestCase">
    <skipped/>
  </testcase> <!-- afterTest -->
  <testcase name="setupTest" classname="com.qmetry.qaf.automation.testng.TestNGTestCase">
    <skipped/>
  </testcase> <!-- setupTest -->
  <testcase name="setupSuit" classname="com.qmetry.qaf.automation.testng.TestNGTestCase">
    <skipped/>
  </testcase> <!-- setupSuit -->
  <testcase name="afterSuit" classname="com.qmetry.qaf.automation.testng.TestNGTestCase">
    <skipped/>
  </testcase> <!-- afterSuit -->
</testsuite> <!-- com.qmetry.qaf.automation.step.client.Scenario -->
