<?xml version="1.0" encoding="UTF-8"?>
<!-- Generated by org.testng.reporters.JUnitReportReporter -->
<testsuite name="qaf.example.tests.Suite1" tests="1" time="5.669" ignored="4" failures="0" timestamp="06 Sep 2018 08:23:01 GMT" skipped="0" hostname="ICPL10361" errors="0">
  <testcase name="testGoogleSearch" time="5.669" classname="qaf.example.tests.Suite1"/>
  <testcase name="afterTest" classname="com.qmetry.qaf.automation.ui.AbstractTestCase">
    <skipped/>
  </testcase> <!-- afterTest -->
  <testcase name="setupTest" classname="com.qmetry.qaf.automation.testng.TestNGTestCase">
    <skipped/>
  </testcase> <!-- setupTest -->
  <testcase name="setupSuit" classname="com.qmetry.qaf.automation.testng.TestNGTestCase">
    <skipped/>
  </testcase> <!-- setupSuit -->
  <testcase name="afterSuit" classname="com.qmetry.qaf.automation.testng.TestNGTestCase">
    <skipped/>
  </testcase> <!-- afterSuit -->
</testsuite> <!-- qaf.example.tests.Suite1 -->
