<?xml version="1.0" encoding="UTF-8"?>
<!-- Generated by org.testng.reporters.JUnitReportReporter -->
<testsuite name="com.qmetry.qaf.automation.step.client.Scenario" tests="1" time="16.235" ignored="0" failures="0" timestamp="06 Sep 2018 11:07:28 GMT" skipped="0" hostname="ICPL10361" errors="1">
  <testcase name="nestTestPractice" time="16.235" classname="com.qmetry.qaf.automation.step.client.Scenario">
    <error/>
  </testcase> <!-- nestTestPractice -->
</testsuite> <!-- com.qmetry.qaf.automation.step.client.Scenario -->
